<?xml version="1.0" encoding="UTF-8"?>
<testsuite name="com.fos.login.RunTest" tests="1" skipped="0" failures="0" errors="0" timestamp="2018-02-19T14:56:14" hostname="DESKTOP-8PNM6FF" time="0.013">
  <properties/>
  <testcase name="RunTest" classname="com.fos.login.RunTest" time="0.013"/>
  <system-out><![CDATA[]]></system-out>
  <system-err><![CDATA[]]></system-err>
</testsuite>
